  Application.cpp
D:\Github\FGGC-Solar-System\DirectX SolarSystem\DX11 Framework\Application.cpp(89,75): warning C4244: 'argument': conversion from 'UINT' to 'FLOAT', possible loss of data
D:\Github\FGGC-Solar-System\DirectX SolarSystem\DX11 Framework\Application.cpp(89,61): warning C4244: 'argument': conversion from 'UINT' to 'FLOAT', possible loss of data
D:\Github\FGGC-Solar-System\DirectX SolarSystem\DX11 Framework\Application.cpp(90,79): warning C4244: 'argument': conversion from 'UINT' to 'FLOAT', possible loss of data
D:\Github\FGGC-Solar-System\DirectX SolarSystem\DX11 Framework\Application.cpp(90,65): warning C4244: 'argument': conversion from 'UINT' to 'FLOAT', possible loss of data
D:\Github\FGGC-Solar-System\DirectX SolarSystem\DX11 Framework\Application.cpp(91,77): warning C4244: 'argument': conversion from 'UINT' to 'FLOAT', possible loss of data
D:\Github\FGGC-Solar-System\DirectX SolarSystem\DX11 Framework\Application.cpp(91,63): warning C4244: 'argument': conversion from 'UINT' to 'FLOAT', possible loss of data
D:\Github\FGGC-Solar-System\DirectX SolarSystem\DX11 Framework\Application.cpp(92,77): warning C4244: 'argument': conversion from 'UINT' to 'FLOAT', possible loss of data
D:\Github\FGGC-Solar-System\DirectX SolarSystem\DX11 Framework\Application.cpp(92,63): warning C4244: 'argument': conversion from 'UINT' to 'FLOAT', possible loss of data
D:\Github\FGGC-Solar-System\DirectX SolarSystem\DX11 Framework\Application.cpp(93,76): warning C4244: 'argument': conversion from 'UINT' to 'FLOAT', possible loss of data
D:\Github\FGGC-Solar-System\DirectX SolarSystem\DX11 Framework\Application.cpp(93,62): warning C4244: 'argument': conversion from 'UINT' to 'FLOAT', possible loss of data
D:\Github\FGGC-Solar-System\DirectX SolarSystem\DX11 Framework\Application.cpp(94,79): warning C4244: 'argument': conversion from 'UINT' to 'FLOAT', possible loss of data
D:\Github\FGGC-Solar-System\DirectX SolarSystem\DX11 Framework\Application.cpp(94,65): warning C4244: 'argument': conversion from 'UINT' to 'FLOAT', possible loss of data
D:\Github\FGGC-Solar-System\DirectX SolarSystem\DX11 Framework\Application.cpp(95,78): warning C4244: 'argument': conversion from 'UINT' to 'FLOAT', possible loss of data
D:\Github\FGGC-Solar-System\DirectX SolarSystem\DX11 Framework\Application.cpp(95,64): warning C4244: 'argument': conversion from 'UINT' to 'FLOAT', possible loss of data
D:\Github\FGGC-Solar-System\DirectX SolarSystem\DX11 Framework\Application.cpp(96,78): warning C4244: 'argument': conversion from 'UINT' to 'FLOAT', possible loss of data
D:\Github\FGGC-Solar-System\DirectX SolarSystem\DX11 Framework\Application.cpp(96,64): warning C4244: 'argument': conversion from 'UINT' to 'FLOAT', possible loss of data
D:\Github\FGGC-Solar-System\DirectX SolarSystem\DX11 Framework\Application.cpp(97,79): warning C4244: 'argument': conversion from 'UINT' to 'FLOAT', possible loss of data
D:\Github\FGGC-Solar-System\DirectX SolarSystem\DX11 Framework\Application.cpp(97,65): warning C4244: 'argument': conversion from 'UINT' to 'FLOAT', possible loss of data
D:\Github\FGGC-Solar-System\DirectX SolarSystem\DX11 Framework\Application.cpp(107,76): warning C4244: 'argument': conversion from 'UINT' to 'FLOAT', possible loss of data
D:\Github\FGGC-Solar-System\DirectX SolarSystem\DX11 Framework\Application.cpp(107,62): warning C4244: 'argument': conversion from 'UINT' to 'FLOAT', possible loss of data
D:\Github\FGGC-Solar-System\DirectX SolarSystem\DX11 Framework\Application.cpp(256,15): warning C4244: 'argument': conversion from 'time_t' to 'unsigned int', possible loss of data
D:\Github\FGGC-Solar-System\DirectX SolarSystem\DX11 Framework\Application.cpp(961,25): warning C4244: 'initializing': conversion from 'ULONGLONG' to 'DWORD', possible loss of data
D:\Github\FGGC-Solar-System\DirectX SolarSystem\DX11 Framework\Application.cpp(1210,61): warning C4238: nonstandard extension used: class rvalue used as lvalue
D:\Github\FGGC-Solar-System\DirectX SolarSystem\DX11 Framework\Application.cpp(1211,73): warning C4238: nonstandard extension used: class rvalue used as lvalue
D:\Github\FGGC-Solar-System\DirectX SolarSystem\DX11 Framework\Application.cpp(1216,56): warning C4238: nonstandard extension used: class rvalue used as lvalue
D:\Github\FGGC-Solar-System\DirectX SolarSystem\DX11 Framework\Application.cpp(1217,68): warning C4238: nonstandard extension used: class rvalue used as lvalue
D:\Github\FGGC-Solar-System\DirectX SolarSystem\DX11 Framework\Application.cpp(1220,60): warning C4238: nonstandard extension used: class rvalue used as lvalue
D:\Github\FGGC-Solar-System\DirectX SolarSystem\DX11 Framework\Application.cpp(1221,72): warning C4238: nonstandard extension used: class rvalue used as lvalue
D:\Github\FGGC-Solar-System\DirectX SolarSystem\DX11 Framework\Application.cpp(1224,58): warning C4238: nonstandard extension used: class rvalue used as lvalue
D:\Github\FGGC-Solar-System\DirectX SolarSystem\DX11 Framework\Application.cpp(1225,70): warning C4238: nonstandard extension used: class rvalue used as lvalue
D:\Github\FGGC-Solar-System\DirectX SolarSystem\DX11 Framework\Application.cpp(1228,58): warning C4238: nonstandard extension used: class rvalue used as lvalue
D:\Github\FGGC-Solar-System\DirectX SolarSystem\DX11 Framework\Application.cpp(1229,70): warning C4238: nonstandard extension used: class rvalue used as lvalue
D:\Github\FGGC-Solar-System\DirectX SolarSystem\DX11 Framework\Application.cpp(1232,57): warning C4238: nonstandard extension used: class rvalue used as lvalue
D:\Github\FGGC-Solar-System\DirectX SolarSystem\DX11 Framework\Application.cpp(1233,69): warning C4238: nonstandard extension used: class rvalue used as lvalue
D:\Github\FGGC-Solar-System\DirectX SolarSystem\DX11 Framework\Application.cpp(1236,60): warning C4238: nonstandard extension used: class rvalue used as lvalue
D:\Github\FGGC-Solar-System\DirectX SolarSystem\DX11 Framework\Application.cpp(1237,72): warning C4238: nonstandard extension used: class rvalue used as lvalue
D:\Github\FGGC-Solar-System\DirectX SolarSystem\DX11 Framework\Application.cpp(1240,59): warning C4238: nonstandard extension used: class rvalue used as lvalue
D:\Github\FGGC-Solar-System\DirectX SolarSystem\DX11 Framework\Application.cpp(1241,71): warning C4238: nonstandard extension used: class rvalue used as lvalue
D:\Github\FGGC-Solar-System\DirectX SolarSystem\DX11 Framework\Application.cpp(1244,59): warning C4238: nonstandard extension used: class rvalue used as lvalue
D:\Github\FGGC-Solar-System\DirectX SolarSystem\DX11 Framework\Application.cpp(1245,71): warning C4238: nonstandard extension used: class rvalue used as lvalue
D:\Github\FGGC-Solar-System\DirectX SolarSystem\DX11 Framework\Application.cpp(1248,60): warning C4238: nonstandard extension used: class rvalue used as lvalue
D:\Github\FGGC-Solar-System\DirectX SolarSystem\DX11 Framework\Application.cpp(1249,72): warning C4238: nonstandard extension used: class rvalue used as lvalue
D:\Github\FGGC-Solar-System\DirectX SolarSystem\DX11 Framework\Application.cpp(1252,57): warning C4238: nonstandard extension used: class rvalue used as lvalue
D:\Github\FGGC-Solar-System\DirectX SolarSystem\DX11 Framework\Application.cpp(1253,69): warning C4238: nonstandard extension used: class rvalue used as lvalue
D:\Github\FGGC-Solar-System\DirectX SolarSystem\DX11 Framework\Application.cpp(1425,60): warning C4238: nonstandard extension used: class rvalue used as lvalue
D:\Github\FGGC-Solar-System\DirectX SolarSystem\DX11 Framework\Application.cpp(1477,67): warning C4238: nonstandard extension used: class rvalue used as lvalue
D:\Github\FGGC-Solar-System\DirectX SolarSystem\DX11 Framework\Application.cpp(1486,65): warning C4238: nonstandard extension used: class rvalue used as lvalue
D:\Github\FGGC-Solar-System\DirectX SolarSystem\DX11 Framework\Application.cpp(1495,67): warning C4238: nonstandard extension used: class rvalue used as lvalue
  Asteroid.cpp
  DX11 Framework.cpp
  Generating code
  2 of 490 functions ( 0.4%) were compiled, the rest were copied from previous compilation.
    0 functions were new in current compilation
    4 functions had inline decision re-evaluated but remain unchanged
  Finished generating code
  DX11 Framework.vcxproj -> D:\Github\FGGC-Solar-System\DirectX SolarSystem\DX11 Framework\Release\DX11 Framework.exe
