  Application.cpp
C:\Users\decla\OneDrive - Staffordshire University\DirectX SolarSystem\DX11 Framework\Application.cpp(89,75): warning C4244: 'argument': conversion from 'UINT' to 'FLOAT', possible loss of data
C:\Users\decla\OneDrive - Staffordshire University\DirectX SolarSystem\DX11 Framework\Application.cpp(89,61): warning C4244: 'argument': conversion from 'UINT' to 'FLOAT', possible loss of data
C:\Users\decla\OneDrive - Staffordshire University\DirectX SolarSystem\DX11 Framework\Application.cpp(90,79): warning C4244: 'argument': conversion from 'UINT' to 'FLOAT', possible loss of data
C:\Users\decla\OneDrive - Staffordshire University\DirectX SolarSystem\DX11 Framework\Application.cpp(90,65): warning C4244: 'argument': conversion from 'UINT' to 'FLOAT', possible loss of data
C:\Users\decla\OneDrive - Staffordshire University\DirectX SolarSystem\DX11 Framework\Application.cpp(91,77): warning C4244: 'argument': conversion from 'UINT' to 'FLOAT', possible loss of data
C:\Users\decla\OneDrive - Staffordshire University\DirectX SolarSystem\DX11 Framework\Application.cpp(91,63): warning C4244: 'argument': conversion from 'UINT' to 'FLOAT', possible loss of data
C:\Users\decla\OneDrive - Staffordshire University\DirectX SolarSystem\DX11 Framework\Application.cpp(92,77): warning C4244: 'argument': conversion from 'UINT' to 'FLOAT', possible loss of data
C:\Users\decla\OneDrive - Staffordshire University\DirectX SolarSystem\DX11 Framework\Application.cpp(92,63): warning C4244: 'argument': conversion from 'UINT' to 'FLOAT', possible loss of data
C:\Users\decla\OneDrive - Staffordshire University\DirectX SolarSystem\DX11 Framework\Application.cpp(93,76): warning C4244: 'argument': conversion from 'UINT' to 'FLOAT', possible loss of data
C:\Users\decla\OneDrive - Staffordshire University\DirectX SolarSystem\DX11 Framework\Application.cpp(93,62): warning C4244: 'argument': conversion from 'UINT' to 'FLOAT', possible loss of data
C:\Users\decla\OneDrive - Staffordshire University\DirectX SolarSystem\DX11 Framework\Application.cpp(94,79): warning C4244: 'argument': conversion from 'UINT' to 'FLOAT', possible loss of data
C:\Users\decla\OneDrive - Staffordshire University\DirectX SolarSystem\DX11 Framework\Application.cpp(94,65): warning C4244: 'argument': conversion from 'UINT' to 'FLOAT', possible loss of data
C:\Users\decla\OneDrive - Staffordshire University\DirectX SolarSystem\DX11 Framework\Application.cpp(95,78): warning C4244: 'argument': conversion from 'UINT' to 'FLOAT', possible loss of data
C:\Users\decla\OneDrive - Staffordshire University\DirectX SolarSystem\DX11 Framework\Application.cpp(95,64): warning C4244: 'argument': conversion from 'UINT' to 'FLOAT', possible loss of data
C:\Users\decla\OneDrive - Staffordshire University\DirectX SolarSystem\DX11 Framework\Application.cpp(96,78): warning C4244: 'argument': conversion from 'UINT' to 'FLOAT', possible loss of data
C:\Users\decla\OneDrive - Staffordshire University\DirectX SolarSystem\DX11 Framework\Application.cpp(96,64): warning C4244: 'argument': conversion from 'UINT' to 'FLOAT', possible loss of data
C:\Users\decla\OneDrive - Staffordshire University\DirectX SolarSystem\DX11 Framework\Application.cpp(97,79): warning C4244: 'argument': conversion from 'UINT' to 'FLOAT', possible loss of data
C:\Users\decla\OneDrive - Staffordshire University\DirectX SolarSystem\DX11 Framework\Application.cpp(97,65): warning C4244: 'argument': conversion from 'UINT' to 'FLOAT', possible loss of data
C:\Users\decla\OneDrive - Staffordshire University\DirectX SolarSystem\DX11 Framework\Application.cpp(107,76): warning C4244: 'argument': conversion from 'UINT' to 'FLOAT', possible loss of data
C:\Users\decla\OneDrive - Staffordshire University\DirectX SolarSystem\DX11 Framework\Application.cpp(107,62): warning C4244: 'argument': conversion from 'UINT' to 'FLOAT', possible loss of data
C:\Users\decla\OneDrive - Staffordshire University\DirectX SolarSystem\DX11 Framework\Application.cpp(221,43): warning C4129: 'p': unrecognized character escape sequence
C:\Users\decla\OneDrive - Staffordshire University\DirectX SolarSystem\DX11 Framework\Application.cpp(256,15): warning C4244: 'argument': conversion from 'time_t' to 'unsigned int', possible loss of data
C:\Users\decla\OneDrive - Staffordshire University\DirectX SolarSystem\DX11 Framework\Application.cpp(948,27): warning C4154: deletion of an array expression; conversion to pointer supplied
C:\Users\decla\OneDrive - Staffordshire University\DirectX SolarSystem\DX11 Framework\Application.cpp(963,25): warning C4244: 'initializing': conversion from 'ULONGLONG' to 'DWORD', possible loss of data
C:\Users\decla\OneDrive - Staffordshire University\DirectX SolarSystem\DX11 Framework\Application.cpp(1212): warning C4238: nonstandard extension used: class rvalue used as lvalue
C:\Users\decla\OneDrive - Staffordshire University\DirectX SolarSystem\DX11 Framework\Application.cpp(1213): warning C4238: nonstandard extension used: class rvalue used as lvalue
C:\Users\decla\OneDrive - Staffordshire University\DirectX SolarSystem\DX11 Framework\Application.cpp(1218): warning C4238: nonstandard extension used: class rvalue used as lvalue
C:\Users\decla\OneDrive - Staffordshire University\DirectX SolarSystem\DX11 Framework\Application.cpp(1219): warning C4238: nonstandard extension used: class rvalue used as lvalue
C:\Users\decla\OneDrive - Staffordshire University\DirectX SolarSystem\DX11 Framework\Application.cpp(1222): warning C4238: nonstandard extension used: class rvalue used as lvalue
C:\Users\decla\OneDrive - Staffordshire University\DirectX SolarSystem\DX11 Framework\Application.cpp(1223): warning C4238: nonstandard extension used: class rvalue used as lvalue
C:\Users\decla\OneDrive - Staffordshire University\DirectX SolarSystem\DX11 Framework\Application.cpp(1226): warning C4238: nonstandard extension used: class rvalue used as lvalue
C:\Users\decla\OneDrive - Staffordshire University\DirectX SolarSystem\DX11 Framework\Application.cpp(1227): warning C4238: nonstandard extension used: class rvalue used as lvalue
C:\Users\decla\OneDrive - Staffordshire University\DirectX SolarSystem\DX11 Framework\Application.cpp(1230): warning C4238: nonstandard extension used: class rvalue used as lvalue
C:\Users\decla\OneDrive - Staffordshire University\DirectX SolarSystem\DX11 Framework\Application.cpp(1231): warning C4238: nonstandard extension used: class rvalue used as lvalue
C:\Users\decla\OneDrive - Staffordshire University\DirectX SolarSystem\DX11 Framework\Application.cpp(1234): warning C4238: nonstandard extension used: class rvalue used as lvalue
C:\Users\decla\OneDrive - Staffordshire University\DirectX SolarSystem\DX11 Framework\Application.cpp(1235): warning C4238: nonstandard extension used: class rvalue used as lvalue
C:\Users\decla\OneDrive - Staffordshire University\DirectX SolarSystem\DX11 Framework\Application.cpp(1238): warning C4238: nonstandard extension used: class rvalue used as lvalue
C:\Users\decla\OneDrive - Staffordshire University\DirectX SolarSystem\DX11 Framework\Application.cpp(1239): warning C4238: nonstandard extension used: class rvalue used as lvalue
C:\Users\decla\OneDrive - Staffordshire University\DirectX SolarSystem\DX11 Framework\Application.cpp(1242): warning C4238: nonstandard extension used: class rvalue used as lvalue
C:\Users\decla\OneDrive - Staffordshire University\DirectX SolarSystem\DX11 Framework\Application.cpp(1243): warning C4238: nonstandard extension used: class rvalue used as lvalue
C:\Users\decla\OneDrive - Staffordshire University\DirectX SolarSystem\DX11 Framework\Application.cpp(1246): warning C4238: nonstandard extension used: class rvalue used as lvalue
C:\Users\decla\OneDrive - Staffordshire University\DirectX SolarSystem\DX11 Framework\Application.cpp(1247): warning C4238: nonstandard extension used: class rvalue used as lvalue
C:\Users\decla\OneDrive - Staffordshire University\DirectX SolarSystem\DX11 Framework\Application.cpp(1250): warning C4238: nonstandard extension used: class rvalue used as lvalue
C:\Users\decla\OneDrive - Staffordshire University\DirectX SolarSystem\DX11 Framework\Application.cpp(1251): warning C4238: nonstandard extension used: class rvalue used as lvalue
C:\Users\decla\OneDrive - Staffordshire University\DirectX SolarSystem\DX11 Framework\Application.cpp(1254): warning C4238: nonstandard extension used: class rvalue used as lvalue
C:\Users\decla\OneDrive - Staffordshire University\DirectX SolarSystem\DX11 Framework\Application.cpp(1255): warning C4238: nonstandard extension used: class rvalue used as lvalue
C:\Users\decla\OneDrive - Staffordshire University\DirectX SolarSystem\DX11 Framework\Application.cpp(1427): warning C4238: nonstandard extension used: class rvalue used as lvalue
C:\Users\decla\OneDrive - Staffordshire University\DirectX SolarSystem\DX11 Framework\Application.cpp(1479): warning C4238: nonstandard extension used: class rvalue used as lvalue
C:\Users\decla\OneDrive - Staffordshire University\DirectX SolarSystem\DX11 Framework\Application.cpp(1488): warning C4238: nonstandard extension used: class rvalue used as lvalue
C:\Users\decla\OneDrive - Staffordshire University\DirectX SolarSystem\DX11 Framework\Application.cpp(1497): warning C4238: nonstandard extension used: class rvalue used as lvalue
C:\Users\decla\OneDrive - Staffordshire University\DirectX SolarSystem\DX11 Framework\Application.cpp(1212,61): warning C4238: nonstandard extension used: class rvalue used as lvalue
C:\Users\decla\OneDrive - Staffordshire University\DirectX SolarSystem\DX11 Framework\Application.cpp(1213,73): warning C4238: nonstandard extension used: class rvalue used as lvalue
C:\Users\decla\OneDrive - Staffordshire University\DirectX SolarSystem\DX11 Framework\Application.cpp(1218,56): warning C4238: nonstandard extension used: class rvalue used as lvalue
C:\Users\decla\OneDrive - Staffordshire University\DirectX SolarSystem\DX11 Framework\Application.cpp(1219,68): warning C4238: nonstandard extension used: class rvalue used as lvalue
C:\Users\decla\OneDrive - Staffordshire University\DirectX SolarSystem\DX11 Framework\Application.cpp(1222,60): warning C4238: nonstandard extension used: class rvalue used as lvalue
C:\Users\decla\OneDrive - Staffordshire University\DirectX SolarSystem\DX11 Framework\Application.cpp(1223,72): warning C4238: nonstandard extension used: class rvalue used as lvalue
C:\Users\decla\OneDrive - Staffordshire University\DirectX SolarSystem\DX11 Framework\Application.cpp(1226,58): warning C4238: nonstandard extension used: class rvalue used as lvalue
C:\Users\decla\OneDrive - Staffordshire University\DirectX SolarSystem\DX11 Framework\Application.cpp(1227,70): warning C4238: nonstandard extension used: class rvalue used as lvalue
C:\Users\decla\OneDrive - Staffordshire University\DirectX SolarSystem\DX11 Framework\Application.cpp(1230,58): warning C4238: nonstandard extension used: class rvalue used as lvalue
C:\Users\decla\OneDrive - Staffordshire University\DirectX SolarSystem\DX11 Framework\Application.cpp(1231,70): warning C4238: nonstandard extension used: class rvalue used as lvalue
C:\Users\decla\OneDrive - Staffordshire University\DirectX SolarSystem\DX11 Framework\Application.cpp(1234,57): warning C4238: nonstandard extension used: class rvalue used as lvalue
C:\Users\decla\OneDrive - Staffordshire University\DirectX SolarSystem\DX11 Framework\Application.cpp(1235,69): warning C4238: nonstandard extension used: class rvalue used as lvalue
C:\Users\decla\OneDrive - Staffordshire University\DirectX SolarSystem\DX11 Framework\Application.cpp(1238,60): warning C4238: nonstandard extension used: class rvalue used as lvalue
C:\Users\decla\OneDrive - Staffordshire University\DirectX SolarSystem\DX11 Framework\Application.cpp(1239,72): warning C4238: nonstandard extension used: class rvalue used as lvalue
C:\Users\decla\OneDrive - Staffordshire University\DirectX SolarSystem\DX11 Framework\Application.cpp(1242,59): warning C4238: nonstandard extension used: class rvalue used as lvalue
C:\Users\decla\OneDrive - Staffordshire University\DirectX SolarSystem\DX11 Framework\Application.cpp(1243,71): warning C4238: nonstandard extension used: class rvalue used as lvalue
C:\Users\decla\OneDrive - Staffordshire University\DirectX SolarSystem\DX11 Framework\Application.cpp(1246,59): warning C4238: nonstandard extension used: class rvalue used as lvalue
C:\Users\decla\OneDrive - Staffordshire University\DirectX SolarSystem\DX11 Framework\Application.cpp(1247,71): warning C4238: nonstandard extension used: class rvalue used as lvalue
C:\Users\decla\OneDrive - Staffordshire University\DirectX SolarSystem\DX11 Framework\Application.cpp(1250,60): warning C4238: nonstandard extension used: class rvalue used as lvalue
C:\Users\decla\OneDrive - Staffordshire University\DirectX SolarSystem\DX11 Framework\Application.cpp(1251,72): warning C4238: nonstandard extension used: class rvalue used as lvalue
C:\Users\decla\OneDrive - Staffordshire University\DirectX SolarSystem\DX11 Framework\Application.cpp(1254,57): warning C4238: nonstandard extension used: class rvalue used as lvalue
C:\Users\decla\OneDrive - Staffordshire University\DirectX SolarSystem\DX11 Framework\Application.cpp(1255,69): warning C4238: nonstandard extension used: class rvalue used as lvalue
C:\Users\decla\OneDrive - Staffordshire University\DirectX SolarSystem\DX11 Framework\Application.cpp(1427,60): warning C4238: nonstandard extension used: class rvalue used as lvalue
C:\Users\decla\OneDrive - Staffordshire University\DirectX SolarSystem\DX11 Framework\Application.cpp(1479,67): warning C4238: nonstandard extension used: class rvalue used as lvalue
C:\Users\decla\OneDrive - Staffordshire University\DirectX SolarSystem\DX11 Framework\Application.cpp(1488,65): warning C4238: nonstandard extension used: class rvalue used as lvalue
C:\Users\decla\OneDrive - Staffordshire University\DirectX SolarSystem\DX11 Framework\Application.cpp(1497,67): warning C4238: nonstandard extension used: class rvalue used as lvalue
  DX11 Framework.vcxproj -> C:\Users\decla\OneDrive - Staffordshire University\DirectX SolarSystem\DX11 Framework\Debug\DX11 Framework.exe
