c:\users\decla\onedrive - staffordshire university\directx solarsystem\dx11 framework\debug\vc142.pdb
c:\users\decla\onedrive - staffordshire university\directx solarsystem\dx11 framework\debug\vc142.idb
c:\users\decla\onedrive - staffordshire university\directx solarsystem\dx11 framework\debug\solarobject.obj
c:\users\decla\onedrive - staffordshire university\directx solarsystem\dx11 framework\debug\orbitalcamera.obj
c:\users\decla\onedrive - staffordshire university\directx solarsystem\dx11 framework\debug\objloader.obj
c:\users\decla\onedrive - staffordshire university\directx solarsystem\dx11 framework\debug\dx11 framework.obj
c:\users\decla\onedrive - staffordshire university\directx solarsystem\dx11 framework\debug\ddstextureloader.obj
c:\users\decla\onedrive - staffordshire university\directx solarsystem\dx11 framework\debug\asteroid.obj
c:\users\decla\onedrive - staffordshire university\directx solarsystem\dx11 framework\debug\application.obj
c:\users\decla\onedrive - staffordshire university\directx solarsystem\dx11 framework\debug\dx11 framework.ilk
c:\users\decla\onedrive - staffordshire university\directx solarsystem\dx11 framework\debug\dx11 framework.exe
c:\users\decla\onedrive - staffordshire university\directx solarsystem\dx11 framework\debug\dx11 framework.pdb
c:\users\decla\onedrive - staffordshire university\directx solarsystem\dx11 framework\debug\dx11 framework.res
c:\users\decla\onedrive - staffordshire university\directx solarsystem\dx11 framework\debug\dx11 framework.tlog\cl.command.1.tlog
c:\users\decla\onedrive - staffordshire university\directx solarsystem\dx11 framework\debug\dx11 framework.tlog\cl.read.1.tlog
c:\users\decla\onedrive - staffordshire university\directx solarsystem\dx11 framework\debug\dx11 framework.tlog\cl.write.1.tlog
c:\users\decla\onedrive - staffordshire university\directx solarsystem\dx11 framework\debug\dx11 framework.tlog\link.command.1.tlog
c:\users\decla\onedrive - staffordshire university\directx solarsystem\dx11 framework\debug\dx11 framework.tlog\link.read.1.tlog
c:\users\decla\onedrive - staffordshire university\directx solarsystem\dx11 framework\debug\dx11 framework.tlog\link.write.1.tlog
c:\users\decla\onedrive - staffordshire university\directx solarsystem\dx11 framework\debug\dx11 framework.tlog\rc.command.1.tlog
c:\users\decla\onedrive - staffordshire university\directx solarsystem\dx11 framework\debug\dx11 framework.tlog\rc.read.1.tlog
c:\users\decla\onedrive - staffordshire university\directx solarsystem\dx11 framework\debug\dx11 framework.tlog\rc.write.1.tlog
